# JRE version: Java(TM) SE Runtime Environment (14.0.1+7) (build 14.0.1+7)
# Java VM: Java HotSpot(TM) 64-Bit Server VM (14.0.1+7, mixed mode, sharing, tiered, compressed oops, g1 gc, windows-amd64)
Heap:
 garbage-first heap   total 47104K, used 24230K [0x0000000081e00000, 0x0000000100000000)
  region size 1024K, 8 young (8192K), 1 survivors (1024K)
 Metaspace       used 40177K, capacity 41432K, committed 41728K, reserved 1085440K
  class space    used 5324K, capacity 5804K, committed 5888K, reserved 1048576K
GC Heap History (20 events):
Event: 174053.430 GC heap before
{Heap before GC invocations=79 (full 2):
 garbage-first heap   total 47104K, used 38789K [0x0000000081e00000, 0x0000000100000000)
  region size 1024K, 19 young (19456K), 1 survivors (1024K)
 Metaspace       used 40190K, capacity 41410K, committed 41728K, reserved 1085440K
  class space    used 5328K, capacity 5813K, committed 5888K, reserved 1048576K
}
Event: 174053.431 GC heap after
{Heap after GC invocations=80 (full 2):
 garbage-first heap   total 47104K, used 20379K [0x0000000081e00000, 0x0000000100000000)
  region size 1024K, 1 young (1024K), 1 survivors (1024K)
 Metaspace       used 40190K, capacity 41410K, committed 41728K, reserved 1085440K
  class space    used 5328K, capacity 5813K, committed 5888K, reserved 1048576K
}
Event: 174205.711 GC heap before
{Heap before GC invocations=80 (full 2):
 garbage-first heap   total 47104K, used 38811K [0x0000000081e00000, 0x0000000100000000)
  region size 1024K, 19 young (19456K), 1 survivors (1024K)
 Metaspace       used 40190K, capacity 41410K, committed 41728K, reserved 1085440K
  class space    used 5328K, capacity 5813K, committed 5888K, reserved 1048576K
}
Event: 174205.714 GC heap after
{Heap after GC invocations=81 (full 2):
 garbage-first heap   total 47104K, used 20365K [0x0000000081e00000, 0x0000000100000000)
  region size 1024K, 1 young (1024K), 1 survivors (1024K)
 Metaspace       used 40190K, capacity 41410K, committed 41728K, reserved 1085440K
  class space    used 5328K, capacity 5813K, committed 5888K, reserved 1048576K
}
Event: 174368.838 GC heap before
{Heap before GC invocations=82 (full 2):
 garbage-first heap   total 47104K, used 39821K [0x0000000081e00000, 0x0000000100000000)
  region size 1024K, 20 young (20480K), 1 survivors (1024K)
 Metaspace       used 40190K, capacity 41410K, committed 41728K, reserved 1085440K
  class space    used 5328K, capacity 5813K, committed 5888K, reserved 1048576K
}
Event: 174368.839 GC heap after
{Heap after GC invocations=83 (full 2):
 garbage-first heap   total 47104K, used 20389K [0x0000000081e00000, 0x0000000100000000)
  region size 1024K, 1 young (1024K), 1 survivors (1024K)
 Metaspace       used 40190K, capacity 41410K, committed 41728K, reserved 1085440K
  class space    used 5328K, capacity 5813K, committed 5888K, reserved 1048576K
}
Event: 174532.357 GC heap before
{Heap before GC invocations=83 (full 2):
 garbage-first heap   total 47104K, used 39845K [0x0000000081e00000, 0x0000000100000000)
  region size 1024K, 20 young (20480K), 1 survivors (1024K)
 Metaspace       used 40190K, capacity 41410K, committed 41728K, reserved 1085440K
  class space    used 5328K, capacity 5813K, committed 5888K, reserved 1048576K
}
Event: 174532.360 GC heap after
{Heap after GC invocations=84 (full 2):
 garbage-first heap   total 47104K, used 20387K [0x0000000081e00000, 0x0000000100000000)
  region size 1024K, 1 young (1024K), 1 survivors (1024K)
 Metaspace       used 40190K, capacity 41410K, committed 41728K, reserved 1085440K
  class space    used 5328K, capacity 5813K, committed 5888K, reserved 1048576K
}
Event: 174692.544 GC heap before
{Heap before GC invocations=85 (full 2):
 garbage-first heap   total 47104K, used 39843K [0x0000000081e00000, 0x0000000100000000)
  region size 1024K, 20 young (20480K), 1 survivors (1024K)
 Metaspace       used 40190K, capacity 41410K, committed 41728K, reserved 1085440K
  class space    used 5328K, capacity 5813K, committed 5888K, reserved 1048576K
}
Event: 174692.545 GC heap after
{Heap after GC invocations=86 (full 2):
 garbage-first heap   total 47104K, used 20357K [0x0000000081e00000, 0x0000000100000000)
  region size 1024K, 1 young (1024K), 1 survivors (1024K)
 Metaspace       used 40190K, capacity 41410K, committed 41728K, reserved 1085440K
  class space    used 5328K, capacity 5813K, committed 5888K, reserved 1048576K
}
Event: 174852.438 GC heap before
{Heap before GC invocations=86 (full 2):
 garbage-first heap   total 47104K, used 39813K [0x0000000081e00000, 0x0000000100000000)
  region size 1024K, 20 young (20480K), 1 survivors (1024K)
 Metaspace       used 40190K, capacity 41410K, committed 41728K, reserved 1085440K
  class space    used 5328K, capacity 5813K, committed 5888K, reserved 1048576K
}
Event: 174852.441 GC heap after
{Heap after GC invocations=87 (full 2):
 garbage-first heap   total 47104K, used 20357K [0x0000000081e00000, 0x0000000100000000)
  region size 1024K, 1 young (1024K), 1 survivors (1024K)
 Metaspace       used 40190K, capacity 41410K, committed 41728K, reserved 1085440K
  class space    used 5328K, capacity 5813K, committed 5888K, reserved 1048576K
}
Event: 181438.560 GC heap before
{Heap before GC invocations=88 (full 2):
 garbage-first heap   total 47104K, used 39813K [0x0000000081e00000, 0x0000000100000000)
  region size 1024K, 20 young (20480K), 1 survivors (1024K)
 Metaspace       used 40190K, capacity 41410K, committed 41728K, reserved 1085440K
  class space    used 5328K, capacity 5813K, committed 5888K, reserved 1048576K
}
Event: 181438.561 GC heap after
{Heap after GC invocations=89 (full 2):
 garbage-first heap   total 47104K, used 20383K [0x0000000081e00000, 0x0000000100000000)
  region size 1024K, 1 young (1024K), 1 survivors (1024K)
 Metaspace       used 40190K, capacity 41410K, committed 41728K, reserved 1085440K
  class space    used 5328K, capacity 5813K, committed 5888K, reserved 1048576K
}
Event: 181598.792 GC heap before
{Heap before GC invocations=89 (full 2):
 garbage-first heap   total 47104K, used 39839K [0x0000000081e00000, 0x0000000100000000)
  region size 1024K, 20 young (20480K), 1 survivors (1024K)
 Metaspace       used 40190K, capacity 41410K, committed 41728K, reserved 1085440K
  class space    used 5328K, capacity 5813K, committed 5888K, reserved 1048576K
}
Event: 181598.795 GC heap after
{Heap after GC invocations=90 (full 2):
 garbage-first heap   total 47104K, used 20361K [0x0000000081e00000, 0x0000000100000000)
  region size 1024K, 1 young (1024K), 1 survivors (1024K)
 Metaspace       used 40190K, capacity 41410K, committed 41728K, reserved 1085440K
  class space    used 5328K, capacity 5813K, committed 5888K, reserved 1048576K
}
Event: 181760.499 GC heap before
{Heap before GC invocations=91 (full 2):
 garbage-first heap   total 47104K, used 39817K [0x0000000081e00000, 0x0000000100000000)
  region size 1024K, 20 young (20480K), 1 survivors (1024K)
 Metaspace       used 40163K, capacity 41368K, committed 41728K, reserved 1085440K
  class space    used 5323K, capacity 5804K, committed 5888K, reserved 1048576K
}
Event: 181760.502 GC heap after
{Heap after GC invocations=92 (full 2):
 garbage-first heap   total 47104K, used 20355K [0x0000000081e00000, 0x0000000100000000)
  region size 1024K, 1 young (1024K), 1 survivors (1024K)
 Metaspace       used 40163K, capacity 41368K, committed 41728K, reserved 1085440K
  class space    used 5323K, capacity 5804K, committed 5888K, reserved 1048576K
}
Event: 181768.545 GC heap before
{Heap before GC invocations=92 (full 2):
 garbage-first heap   total 47104K, used 21379K [0x0000000081e00000, 0x0000000100000000)
  region size 1024K, 2 young (2048K), 1 survivors (1024K)
 Metaspace       used 40163K, capacity 41368K, committed 41728K, reserved 1085440K
  class space    used 5323K, capacity 5804K, committed 5888K, reserved 1048576K
}
Event: 181768.554 GC heap after
{Heap after GC invocations=93 (full 2):
 garbage-first heap   total 47104K, used 18086K [0x0000000081e00000, 0x0000000100000000)
  region size 1024K, 1 young (1024K), 1 survivors (1024K)
 Metaspace       used 40163K, capacity 41368K, committed 41728K, reserved 1085440K
  class space    used 5323K, capacity 5804K, committed 5888K, reserved 1048576K
}

